TN:
SF:src/useCases/CreateFeedback/CreateFeedbackUseCase.ts
FN:16,execute
FN:11,CreateFeedbackUseCase
FNF:2
FNH:2
FNDA:4,execute
FNDA:1,CreateFeedbackUseCase
DA:1,1
DA:2,1
DA:3,1
DA:4,1
DA:5,1
DA:6,1
DA:7,1
DA:8,1
DA:9,1
DA:10,1
DA:11,1
DA:12,1
DA:13,1
DA:14,1
DA:15,1
DA:16,1
DA:17,4
DA:18,4
DA:19,4
DA:20,4
DA:21,4
DA:22,4
DA:23,4
DA:24,1
DA:25,1
DA:26,1
DA:27,3
DA:28,4
DA:29,1
DA:30,1
DA:31,2
DA:32,4
DA:33,1
DA:34,1
DA:35,1
DA:36,1
DA:37,1
DA:38,1
DA:39,1
DA:40,1
DA:41,1
DA:42,1
DA:43,1
DA:44,4
DA:45,4
DA:46,4
DA:47,1
DA:48,1
DA:49,1
LF:49
LH:49
BRDA:16,0,0,4
BRDA:23,1,0,1
BRDA:27,2,0,3
BRDA:28,3,0,1
BRDA:31,4,0,2
BRDA:32,5,0,1
BRDA:44,6,0,0
BRDA:47,7,0,1
BRDA:11,8,0,1
BRF:9
BRH:8
end_of_record
